[2022-03-23 05:42:49] local.ERROR: Cannot use 'Parent' as class name as it is reserved {"exception":"[object] (Symfony\\Component\\ErrorHandler\\Error\\FatalError(code: 0): Cannot use 'Parent' as class name as it is reserved at /home/hanvesh/PhpstormProjects/secure/scure/app/Models/Parent.php:8)
[stacktrace]
#0 {main}
"} 
[2022-03-23 06:14:13] local.ERROR: SQLSTATE[23503]: Foreign key violation: 7 ERROR:  there is no unique constraint matching given keys for referenced table child_u_s (SQL: alter table "transactions" add constraint "transactions_limit_foreign" foreign key ("limit") references "child_u_s" ("limit")) {"exception":"[object] (Illuminate\\Database\\QueryException(code: 23503): SQLSTATE[23503]: Foreign key violation: 7 ERROR:  there is no unique constraint matching given keys for referenced table child_u_s (SQL: alter table \"transactions\" add constraint \"transactions_limit_foreign\" foreign key (\"limit\") references \"child_u_s\" (\"limit\")) at /home/hanvesh/PhpstormProjects/secure/scure/vendor/laravel/framework/src/Illuminate/Database/Connection.php:712)
[stacktrace]
#0 /home/hanvesh/PhpstormProjects/secure/scure/vendor/laravel/framework/src/Illuminate/Database/Connection.php(672): Illuminate\\Database\\Connection->runQueryCallback()
#1 /home/hanvesh/PhpstormProjects/secure/scure/vendor/laravel/framework/src/Illuminate/Database/Connection.php(502): Illuminate\\Database\\Connection->run()
#2 /home/hanvesh/PhpstormProjects/secure/scure/vendor/laravel/framework/src/Illuminate/Database/Schema/Blueprint.php(109): Illuminate\\Database\\Connection->statement()
#3 /home/hanvesh/PhpstormProjects/secure/scure/vendor/laravel/framework/src/Illuminate/Database/Schema/Builder.php(364): Illuminate\\Database\\Schema\\Blueprint->build()
#4 /home/hanvesh/PhpstormProjects/secure/scure/vendor/laravel/framework/src/Illuminate/Database/Schema/Builder.php(227): Illuminate\\Database\\Schema\\Builder->build()
#5 /home/hanvesh/PhpstormProjects/secure/scure/vendor/laravel/framework/src/Illuminate/Support/Facades/Facade.php(261): Illuminate\\Database\\Schema\\Builder->create()
#6 /home/hanvesh/PhpstormProjects/secure/scure/database/migrations/2022_03_23_054449_create_transactions_table.php(26): Illuminate\\Support\\Facades\\Facade::__callStatic()
#7 /home/hanvesh/PhpstormProjects/secure/scure/vendor/laravel/framework/src/Illuminate/Database/Migrations/Migrator.php(472): CreateTransactionsTable->up()
#8 /home/hanvesh/PhpstormProjects/secure/scure/vendor/laravel/framework/src/Illuminate/Database/Migrations/Migrator.php(394): Illuminate\\Database\\Migrations\\Migrator->runMethod()
#9 /home/hanvesh/PhpstormProjects/secure/scure/vendor/laravel/framework/src/Illuminate/Database/Concerns/ManagesTransactions.php(29): Illuminate\\Database\\Migrations\\Migrator->Illuminate\\Database\\Migrations\\{closure}()
#10 /home/hanvesh/PhpstormProjects/secure/scure/vendor/laravel/framework/src/Illuminate/Database/Migrations/Migrator.php(402): Illuminate\\Database\\Connection->transaction()
#11 /home/hanvesh/PhpstormProjects/secure/scure/vendor/laravel/framework/src/Illuminate/Database/Migrations/Migrator.php(202): Illuminate\\Database\\Migrations\\Migrator->runMigration()
#12 /home/hanvesh/PhpstormProjects/secure/scure/vendor/laravel/framework/src/Illuminate/Database/Migrations/Migrator.php(167): Illuminate\\Database\\Migrations\\Migrator->runUp()
#13 /home/hanvesh/PhpstormProjects/secure/scure/vendor/laravel/framework/src/Illuminate/Database/Migrations/Migrator.php(112): Illuminate\\Database\\Migrations\\Migrator->runPending()
#14 /home/hanvesh/PhpstormProjects/secure/scure/vendor/laravel/framework/src/Illuminate/Database/Console/Migrations/MigrateCommand.php(85): Illuminate\\Database\\Migrations\\Migrator->run()
#15 /home/hanvesh/PhpstormProjects/secure/scure/vendor/laravel/framework/src/Illuminate/Database/Migrations/Migrator.php(606): Illuminate\\Database\\Console\\Migrations\\MigrateCommand->Illuminate\\Database\\Console\\Migrations\\{closure}()
#16 /home/hanvesh/PhpstormProjects/secure/scure/vendor/laravel/framework/src/Illuminate/Database/Console/Migrations/MigrateCommand.php(94): Illuminate\\Database\\Migrations\\Migrator->usingConnection()
#17 /home/hanvesh/PhpstormProjects/secure/scure/vendor/laravel/framework/src/Illuminate/Container/BoundMethod.php(36): Illuminate\\Database\\Console\\Migrations\\MigrateCommand->handle()
#18 /home/hanvesh/PhpstormProjects/secure/scure/vendor/laravel/framework/src/Illuminate/Container/Util.php(40): Illuminate\\Container\\BoundMethod::Illuminate\\Container\\{closure}()
#19 /home/hanvesh/PhpstormProjects/secure/scure/vendor/laravel/framework/src/Illuminate/Container/BoundMethod.php(93): Illuminate\\Container\\Util::unwrapIfClosure()
#20 /home/hanvesh/PhpstormProjects/secure/scure/vendor/laravel/framework/src/Illuminate/Container/BoundMethod.php(37): Illuminate\\Container\\BoundMethod::callBoundMethod()
#21 /home/hanvesh/PhpstormProjects/secure/scure/vendor/laravel/framework/src/Illuminate/Container/Container.php(653): Illuminate\\Container\\BoundMethod::call()
#22 /home/hanvesh/PhpstormProjects/secure/scure/vendor/laravel/framework/src/Illuminate/Console/Command.php(136): Illuminate\\Container\\Container->call()
#23 /home/hanvesh/PhpstormProjects/secure/scure/vendor/symfony/console/Command/Command.php(298): Illuminate\\Console\\Command->execute()
#24 /home/hanvesh/PhpstormProjects/secure/scure/vendor/laravel/framework/src/Illuminate/Console/Command.php(121): Symfony\\Component\\Console\\Command\\Command->run()
#25 /home/hanvesh/PhpstormProjects/secure/scure/vendor/symfony/console/Application.php(1015): Illuminate\\Console\\Command->run()
#26 /home/hanvesh/PhpstormProjects/secure/scure/vendor/symfony/console/Application.php(299): Symfony\\Component\\Console\\Application->doRunCommand()
#27 /home/hanvesh/PhpstormProjects/secure/scure/vendor/symfony/console/Application.php(171): Symfony\\Component\\Console\\Application->doRun()
#28 /home/hanvesh/PhpstormProjects/secure/scure/vendor/laravel/framework/src/Illuminate/Console/Application.php(94): Symfony\\Component\\Console\\Application->run()
#29 /home/hanvesh/PhpstormProjects/secure/scure/vendor/laravel/framework/src/Illuminate/Foundation/Console/Kernel.php(129): Illuminate\\Console\\Application->run()
#30 /home/hanvesh/PhpstormProjects/secure/scure/artisan(37): Illuminate\\Foundation\\Console\\Kernel->handle()
#31 {main}

[previous exception] [object] (PDOException(code: 23503): SQLSTATE[23503]: Foreign key violation: 7 ERROR:  there is no unique constraint matching given keys for referenced table child_u_s at /home/hanvesh/PhpstormProjects/secure/scure/vendor/laravel/framework/src/Illuminate/Database/Connection.php:501)
[stacktrace]
#0 /home/hanvesh/PhpstormProjects/secure/scure/vendor/laravel/framework/src/Illuminate/Database/Connection.php(501): PDOStatement->execute()
#1 /home/hanvesh/PhpstormProjects/secure/scure/vendor/laravel/framework/src/Illuminate/Database/Connection.php(705): Illuminate\\Database\\Connection->Illuminate\\Database\\{closure}()
#2 /home/hanvesh/PhpstormProjects/secure/scure/vendor/laravel/framework/src/Illuminate/Database/Connection.php(672): Illuminate\\Database\\Connection->runQueryCallback()
#3 /home/hanvesh/PhpstormProjects/secure/scure/vendor/laravel/framework/src/Illuminate/Database/Connection.php(502): Illuminate\\Database\\Connection->run()
#4 /home/hanvesh/PhpstormProjects/secure/scure/vendor/laravel/framework/src/Illuminate/Database/Schema/Blueprint.php(109): Illuminate\\Database\\Connection->statement()
#5 /home/hanvesh/PhpstormProjects/secure/scure/vendor/laravel/framework/src/Illuminate/Database/Schema/Builder.php(364): Illuminate\\Database\\Schema\\Blueprint->build()
#6 /home/hanvesh/PhpstormProjects/secure/scure/vendor/laravel/framework/src/Illuminate/Database/Schema/Builder.php(227): Illuminate\\Database\\Schema\\Builder->build()
#7 /home/hanvesh/PhpstormProjects/secure/scure/vendor/laravel/framework/src/Illuminate/Support/Facades/Facade.php(261): Illuminate\\Database\\Schema\\Builder->create()
#8 /home/hanvesh/PhpstormProjects/secure/scure/database/migrations/2022_03_23_054449_create_transactions_table.php(26): Illuminate\\Support\\Facades\\Facade::__callStatic()
#9 /home/hanvesh/PhpstormProjects/secure/scure/vendor/laravel/framework/src/Illuminate/Database/Migrations/Migrator.php(472): CreateTransactionsTable->up()
#10 /home/hanvesh/PhpstormProjects/secure/scure/vendor/laravel/framework/src/Illuminate/Database/Migrations/Migrator.php(394): Illuminate\\Database\\Migrations\\Migrator->runMethod()
#11 /home/hanvesh/PhpstormProjects/secure/scure/vendor/laravel/framework/src/Illuminate/Database/Concerns/ManagesTransactions.php(29): Illuminate\\Database\\Migrations\\Migrator->Illuminate\\Database\\Migrations\\{closure}()
#12 /home/hanvesh/PhpstormProjects/secure/scure/vendor/laravel/framework/src/Illuminate/Database/Migrations/Migrator.php(402): Illuminate\\Database\\Connection->transaction()
#13 /home/hanvesh/PhpstormProjects/secure/scure/vendor/laravel/framework/src/Illuminate/Database/Migrations/Migrator.php(202): Illuminate\\Database\\Migrations\\Migrator->runMigration()
#14 /home/hanvesh/PhpstormProjects/secure/scure/vendor/laravel/framework/src/Illuminate/Database/Migrations/Migrator.php(167): Illuminate\\Database\\Migrations\\Migrator->runUp()
#15 /home/hanvesh/PhpstormProjects/secure/scure/vendor/laravel/framework/src/Illuminate/Database/Migrations/Migrator.php(112): Illuminate\\Database\\Migrations\\Migrator->runPending()
#16 /home/hanvesh/PhpstormProjects/secure/scure/vendor/laravel/framework/src/Illuminate/Database/Console/Migrations/MigrateCommand.php(85): Illuminate\\Database\\Migrations\\Migrator->run()
#17 /home/hanvesh/PhpstormProjects/secure/scure/vendor/laravel/framework/src/Illuminate/Database/Migrations/Migrator.php(606): Illuminate\\Database\\Console\\Migrations\\MigrateCommand->Illuminate\\Database\\Console\\Migrations\\{closure}()
#18 /home/hanvesh/PhpstormProjects/secure/scure/vendor/laravel/framework/src/Illuminate/Database/Console/Migrations/MigrateCommand.php(94): Illuminate\\Database\\Migrations\\Migrator->usingConnection()
#19 /home/hanvesh/PhpstormProjects/secure/scure/vendor/laravel/framework/src/Illuminate/Container/BoundMethod.php(36): Illuminate\\Database\\Console\\Migrations\\MigrateCommand->handle()
#20 /home/hanvesh/PhpstormProjects/secure/scure/vendor/laravel/framework/src/Illuminate/Container/Util.php(40): Illuminate\\Container\\BoundMethod::Illuminate\\Container\\{closure}()
#21 /home/hanvesh/PhpstormProjects/secure/scure/vendor/laravel/framework/src/Illuminate/Container/BoundMethod.php(93): Illuminate\\Container\\Util::unwrapIfClosure()
#22 /home/hanvesh/PhpstormProjects/secure/scure/vendor/laravel/framework/src/Illuminate/Container/BoundMethod.php(37): Illuminate\\Container\\BoundMethod::callBoundMethod()
#23 /home/hanvesh/PhpstormProjects/secure/scure/vendor/laravel/framework/src/Illuminate/Container/Container.php(653): Illuminate\\Container\\BoundMethod::call()
#24 /home/hanvesh/PhpstormProjects/secure/scure/vendor/laravel/framework/src/Illuminate/Console/Command.php(136): Illuminate\\Container\\Container->call()
#25 /home/hanvesh/PhpstormProjects/secure/scure/vendor/symfony/console/Command/Command.php(298): Illuminate\\Console\\Command->execute()
#26 /home/hanvesh/PhpstormProjects/secure/scure/vendor/laravel/framework/src/Illuminate/Console/Command.php(121): Symfony\\Component\\Console\\Command\\Command->run()
#27 /home/hanvesh/PhpstormProjects/secure/scure/vendor/symfony/console/Application.php(1015): Illuminate\\Console\\Command->run()
#28 /home/hanvesh/PhpstormProjects/secure/scure/vendor/symfony/console/Application.php(299): Symfony\\Component\\Console\\Application->doRunCommand()
#29 /home/hanvesh/PhpstormProjects/secure/scure/vendor/symfony/console/Application.php(171): Symfony\\Component\\Console\\Application->doRun()
#30 /home/hanvesh/PhpstormProjects/secure/scure/vendor/laravel/framework/src/Illuminate/Console/Application.php(94): Symfony\\Component\\Console\\Application->run()
#31 /home/hanvesh/PhpstormProjects/secure/scure/vendor/laravel/framework/src/Illuminate/Foundation/Console/Kernel.php(129): Illuminate\\Console\\Application->run()
#32 /home/hanvesh/PhpstormProjects/secure/scure/artisan(37): Illuminate\\Foundation\\Console\\Kernel->handle()
#33 {main}
"} 
